2021-11-30 18:17:24,789 DEBUG     client Application Started
2021-11-30 18:17:26,834 CRITICAL  messenger Server localhost:7777 refusing to connect
2021-11-30 18:18:04,559 DEBUG     client Application Started
2021-11-30 18:18:04,562 DEBUG     messenger Connected to server localhost:7777
2021-11-30 18:18:04,562 DEBUG     messenger Timestamp requested
2021-11-30 18:18:04,562 DEBUG     messenger JSON successfully encoded
2021-11-30 18:18:04,562 DEBUG     messenger Presence message sent
2021-11-30 18:18:04,562 DEBUG     messenger JSON successfully decoded
2021-11-30 18:18:04,562 DEBUG     messenger Answer received
2021-11-30 18:18:04,564 ERROR     messenger Error (402): Wrong account name
2021-11-30 18:18:04,564 DEBUG     messenger Answer processed
2021-11-30 18:18:04,564 DEBUG     messenger Connected to server localhost:7777
2021-11-30 18:18:04,564 DEBUG     messenger Timestamp requested
2021-11-30 18:18:04,564 DEBUG     messenger JSON successfully encoded
2021-11-30 18:18:04,564 DEBUG     messenger Presence message sent
2021-11-30 18:18:04,564 DEBUG     messenger JSON successfully decoded
2021-11-30 18:18:04,565 DEBUG     messenger Answer received
2021-11-30 18:18:04,565 ERROR     messenger Error (400): No status provided
2021-11-30 18:18:04,565 DEBUG     messenger Answer processed
2021-11-30 18:18:04,565 DEBUG     messenger Connected to server localhost:7777
2021-11-30 18:18:04,565 DEBUG     messenger Timestamp requested
2021-11-30 18:18:04,565 DEBUG     messenger JSON successfully encoded
2021-11-30 18:18:04,565 DEBUG     messenger Presence message sent
2021-11-30 18:18:04,565 DEBUG     messenger JSON successfully decoded
2021-11-30 18:18:04,565 DEBUG     messenger Answer received
2021-11-30 18:18:04,565 INFO      messenger Ok (200): no additional message provided
2021-11-30 18:18:04,566 DEBUG     messenger Answer processed
